
=== Fri Apr  1 00:14:07 2022

Packages were changed.
Update Mode: mergeDefaultDependencies

The following packages were added:
  com.unity.2d.animation@7.0.3
  com.unity.2d.pixel-perfect@5.0.1
  com.unity.2d.psdimporter@6.0.2
  com.unity.2d.spriteshape@7.0.3
  com.unity.2d.tilemap@1.0.0
  com.unity.toolchain.win-x86_64-linux-x86_64@1.0.0
The following packages were updated:
  com.unity.ide.vscode from version 1.2.4 to 1.2.5

=== Mon Oct 10 15:27:52 2022

Packages were changed.
Update Mode: updateDependencies

The following packages were updated:
  com.unity.2d.animation from version 7.0.3 to 7.0.7
  com.unity.2d.psdimporter from version 6.0.2 to 6.0.5
  com.unity.2d.spriteshape from version 7.0.3 to 7.0.6
  com.unity.collab-proxy from version 1.15.7 to 1.17.2
  com.unity.ide.rider from version 3.0.9 to 3.0.15
  com.unity.ide.visualstudio from version 2.0.12 to 2.0.16
  com.unity.render-pipelines.universal from version 12.1.3 to 12.1.7
  com.unity.test-framework from version 1.1.29 to 1.1.31
  com.unity.timeline from version 1.6.3 to 1.6.4
  com.unity.visualscripting from version 1.7.6 to 1.7.8
